2023-12-09T14:59:04.822Z - -yarn run v1.22.19
$ next build
- info Loaded env from /home/vinsan/hd0/pastas_de_trabalho/desenvolvimento/devweb/verPersPage/vinsan_pageCp1/.env.local
- info Linting and checking validity of types...
- info Creating an optimized production build...
- info Compiled successfully
- info Collecting page data...
- info Generating static pages (0/6)
bape outeer
aape outeer
- info Generating static pages (1/6)
cape outeer
- info Generating static pages (2/6)
- info Generating static pages (4/6)
- info Generating static pages (6/6)
- info Finalizing page optimization...

Route (pages)                              Size     First Load JS
┌ ○ /                                      205 kB          303 kB
├   └ css/c65208ab91603cc0.css             4.66 kB
├   /_app                                  0 B            98.2 kB
├ ○ /404                                   182 B          98.4 kB
├ λ /api/sendOpinion                       0 B            98.2 kB
└ ● /pesqPage/[slug]                       967 B          99.2 kB
    ├ /pesqPage/aap
    ├ /pesqPage/bap
    └ /pesqPage/cap
+ First Load JS shared by all              101 kB
  ├ chunks/framework-7a7e500878b44665.js   45.2 kB
  ├ chunks/main-92011a1a7f336a6f.js        28.5 kB
  ├ chunks/pages/_app-923d6f37a36c3de4.js  23.6 kB
  ├ chunks/webpack-ee7e63bc15b31913.js     815 B
  └ css/47c219b64cfb6a7c.css               2.33 kB

λ  (Server)  server-side renders at runtime (uses getInitialProps or getServerSideProps)
○  (Static)  automatically rendered as static HTML (uses no initial props)
●  (SSG)     automatically generated as static HTML + JSON (uses getStaticProps)

Done in 10.31s.

 - server runing on port: 3003
2023-12-09T14:59:04.823Z - build process sucess 

2023-12-09T15:00:38.192Z - -yarn run v1.22.19
$ next build
- info Loaded env from /home/vinsan/hd0/pastas_de_trabalho/desenvolvimento/devweb/verPersPage/vinsan_pageCp1/.env.local
- info Linting and checking validity of types...
- info Creating an optimized production build...
- info Compiled successfully
- info Collecting page data...
- info Generating static pages (0/6)
aape outeer
bape outeer
- info Generating static pages (1/6)
cape outeer
- info Generating static pages (2/6)
- info Generating static pages (4/6)
- info Generating static pages (6/6)
- info Finalizing page optimization...

Route (pages)                              Size     First Load JS
┌ ○ /                                      205 kB          303 kB
├   └ css/c65208ab91603cc0.css             4.66 kB
├   /_app                                  0 B            98.2 kB
├ ○ /404                                   182 B          98.4 kB
├ λ /api/sendOpinion                       0 B            98.2 kB
└ ● /pesqPage/[slug]                       967 B          99.2 kB
    ├ /pesqPage/aap
    ├ /pesqPage/bap
    └ /pesqPage/cap
+ First Load JS shared by all              101 kB
  ├ chunks/framework-7a7e500878b44665.js   45.2 kB
  ├ chunks/main-92011a1a7f336a6f.js        28.5 kB
  ├ chunks/pages/_app-923d6f37a36c3de4.js  23.6 kB
  ├ chunks/webpack-ee7e63bc15b31913.js     815 B
  └ css/47c219b64cfb6a7c.css               2.33 kB

λ  (Server)  server-side renders at runtime (uses getInitialProps or getServerSideProps)
○  (Static)  automatically rendered as static HTML (uses no initial props)
●  (SSG)     automatically generated as static HTML + JSON (uses getStaticProps)

Done in 11.14s.

 - server runing on port: 3003
2023-12-09T15:00:38.194Z - build process sucess 

